#
# There is insufficient memory for the Java Runtime Environment to continue.
# Native memory allocation (mmap) failed to map 201326592 bytes for G1 virtual space
# Possible reasons:
#   The system is out of physical RAM or swap space
#   The process is running with CompressedOops enabled, and the Java Heap may be blocking the growth of the native heap
# Possible solutions:
#   Reduce memory load on the system
#   Increase physical memory or swap space
#   Check if swap backing store is full
#   Decrease Java heap size (-Xmx/-Xms)
#   Decrease number of Java threads
#   Decrease Java thread stack sizes (-Xss)
#   Set larger code cache with -XX:ReservedCodeCacheSize=
#   JVM is running with Zero Based Compressed Oops mode in which the Java heap is
#     placed in the first 32GB address space. The Java Heap base address is the
#     maximum limit for the native heap growth. Please use -XX:HeapBaseMinAddress
#     to set the Java Heap base and to place the Java Heap above 32GB virtual address.
# This output file may be truncated or incomplete.
#
#  Out of Memory Error (os_windows.cpp:3527), pid=31056, tid=31132
#
# JRE version:  (19.0.1+10) (build )
# Java VM: Java HotSpot(TM) 64-Bit Server VM (19.0.1+10-21, mixed mode, sharing, tiered, compressed oops, compressed class ptrs, g1 gc, windows-amd64)
# No core dump will be written. Minidumps are not enabled by default on client versions of Windows
#

---------------  S U M M A R Y ------------

Command Line: -Dfile.encoding=UTF-8 -XX:+ShowCodeDetailsInExceptionMessages MemberApp

Host: Intel(R) Core(TM) i3-4160T CPU @ 3.10GHz, 4 cores, 11G,  Windows 10 , 64 bit Build 19041 (10.0.19041.2364)
Time: Tue Jan 17 19:21:55 2023 Eastern Standard Time elapsed time: 0.083925 seconds (0d 0h 0m 0s)

---------------  T H R E A D  ---------------

Current thread (0x000001aee309d6b0):  JavaThread "Unknown thread" [_thread_in_vm, id=31132, stack(0x0000005c31a00000,0x0000005c31b00000)]

Stack: [0x0000005c31a00000,0x0000005c31b00000]
Native frames: (J=compiled Java code, j=interpreted, Vv=VM code, C=native code)
V  [jvm.dll+0x6ee8fa]
V  [jvm.dll+0x857a1e]
V  [jvm.dll+0x85940e]
V  [jvm.dll+0x859ac3]
V  [jvm.dll+0x28291f]
V  [jvm.dll+0x6eb6e9]
V  [jvm.dll+0x6e028a]
V  [jvm.dll+0x357136]
V  [jvm.dll+0x35eb96]
V  [jvm.dll+0x3b555e]
V  [jvm.dll+0x3b578f]
V  [jvm.dll+0x32c6ea]
V  [jvm.dll+0x32d59e]
V  [jvm.dll+0x821b20]
V  [jvm.dll+0x3c27c1]
V  [jvm.dll+0x8022f1]
V  [jvm.dll+0x44b30f]
V  [jvm.dll+0x44cc91]
C  [jli.dll+0x5287]
C  [ucrtbase.dll+0x21bb2]
C  [KERNEL32.DLL+0x17614]
C  [ntdll.dll+0x526a1]


---------------  P R O C E S S  ---------------

Threads class SMR info:
_java_thread_list=0x00007ffaa1a1d048, length=0, elements={
}

Java Threads: ( => current thread )

Other Threads:
  0x000001aee30fb800 WorkerThread "GC Thread#0" [stack: 0x0000005c31b00000,0x0000005c31c00000] [id=31136]
  0x000001aee3109e90 ConcurrentGCThread "G1 Main Marker" [stack: 0x0000005c31c00000,0x0000005c31d00000] [id=31140]
  0x000001aee310a7d0 WorkerThread "G1 Conc#0" [stack: 0x0000005c31d00000,0x0000005c31e00000] [id=31144]

[error occurred during error reporting (printing all threads), id 0xc0000005, EXCEPTION_ACCESS_VIOLATION (0xc0000005) at pc=0x00007ffaa11dd127]

VM state: not at safepoint (not fully initialized)

VM Mutex/Monitor currently owned by a thread:  ([mutex/lock_event])
[0x000001aee30986a0] Heap_lock - owner thread: 0x000001aee309d6b0

Heap address: 0x0000000741200000, size: 3054 MB, Compressed Oops mode: Zero based, Oop shift amount: 3

CDS archive(s) mapped at: [0x0000000000000000-0x0000000000000000-0x0000000000000000), size 0, SharedBaseAddress: 0x0000000800000000, ArchiveRelocationMode: 0.
Narrow klass base: 0x0000000000000000, Narrow klass shift: 0, Narrow klass range: 0x0

GC Precious Log:
 CardTable entry size: 512
 Card Set container configuration: InlinePtr #cards 4 size 8 Array Of Cards #cards 16 size 48 Howl #buckets 8 coarsen threshold 3686 Howl Bitmap #cards 512 size 80 coarsen threshold 460 Card regions per heap region 1 cards per card region 4096

Heap:
 garbage-first heap   total 0K, used 0K [0x0000000741200000, 0x0000000800000000)
  region size 2048K, 0 young (0K), 0 survivors (0K)

[error occurred during error reporting (printing heap information), id 0xc0000005, EXCEPTION_ACCESS_VIOLATION (0xc0000005) at pc=0x00007ffaa15e6959]

GC Heap History (0 events):
No events

Dll operation events (1 events):
Event: 0.013 Loaded shared library C:\Program Files\Java\jdk-19\bin\java.dll

Deoptimization events (0 events):
No events

Classes loaded (0 events):
No events

Classes unloaded (0 events):
No events

Classes redefined (0 events):
No events

Internal exceptions (0 events):
No events

VM Operations (0 events):
No events

Events (0 events):
No events


Dynamic libraries:
0x00007ff757840000 - 0x00007ff757850000 	C:\Program Files\Java\jdk-19\bin\javaw.exe
0x00007ffaf6110000 - 0x00007ffaf6308000 	C:\WINDOWS\SYSTEM32\ntdll.dll
0x00007ffaf46b0000 - 0x00007ffaf476f000 	C:\WINDOWS\System32\KERNEL32.DLL
0x00007ffaf3860000 - 0x00007ffaf3b32000 	C:\WINDOWS\System32\KERNELBASE.dll
0x00007ffaf3c30000 - 0x00007ffaf3d30000 	C:\WINDOWS\System32\ucrtbase.dll
0x00007ffaec2e0000 - 0x00007ffaec2fb000 	C:\Program Files\Java\jdk-19\bin\VCRUNTIME140.dll
0x00007ffad57b0000 - 0x00007ffad57c8000 	C:\Program Files\Java\jdk-19\bin\jli.dll
0x00007ffaf43d0000 - 0x00007ffaf447e000 	C:\WINDOWS\System32\ADVAPI32.dll
0x00007ffaf4a70000 - 0x00007ffaf4b0e000 	C:\WINDOWS\System32\msvcrt.dll
0x00007ffaf4610000 - 0x00007ffaf46ac000 	C:\WINDOWS\System32\sechost.dll
0x00007ffaf5f70000 - 0x00007ffaf6095000 	C:\WINDOWS\System32\RPCRT4.dll
0x00007ffaf5510000 - 0x00007ffaf56b1000 	C:\WINDOWS\System32\USER32.dll
0x00007ffaf3e40000 - 0x00007ffaf3e62000 	C:\WINDOWS\System32\win32u.dll
0x00007ffaeb800000 - 0x00007ffaeba9a000 	C:\WINDOWS\WinSxS\amd64_microsoft.windows.common-controls_6595b64144ccf1df_6.0.19041.1110_none_60b5254171f9507e\COMCTL32.dll
0x00007ffaf4b10000 - 0x00007ffaf4b3b000 	C:\WINDOWS\System32\GDI32.dll
0x00007ffaf3d30000 - 0x00007ffaf3e3f000 	C:\WINDOWS\System32\gdi32full.dll
0x00007ffaf3b90000 - 0x00007ffaf3c2d000 	C:\WINDOWS\System32\msvcp_win.dll
0x00007ffae7160000 - 0x00007ffae716a000 	C:\WINDOWS\SYSTEM32\VERSION.dll
0x00007ffaf4390000 - 0x00007ffaf43c2000 	C:\WINDOWS\System32\IMM32.DLL
0x00007ffaedfd0000 - 0x00007ffaedfdc000 	C:\Program Files\Java\jdk-19\bin\vcruntime140_1.dll
0x00007ffabc0b0000 - 0x00007ffabc13e000 	C:\Program Files\Java\jdk-19\bin\msvcp140.dll
0x00007ffaa0ea0000 - 0x00007ffaa1b60000 	C:\Program Files\Java\jdk-19\bin\server\jvm.dll
0x00007ffae54a0000 - 0x00007ffae54a9000 	C:\WINDOWS\SYSTEM32\WSOCK32.dll
0x00007ffaec820000 - 0x00007ffaec847000 	C:\WINDOWS\SYSTEM32\WINMM.dll
0x00007ffaf41b0000 - 0x00007ffaf421b000 	C:\WINDOWS\System32\WS2_32.dll
0x00007ffaf1660000 - 0x00007ffaf1672000 	C:\WINDOWS\SYSTEM32\kernel.appcore.dll
0x00007ffaedca0000 - 0x00007ffaedcaa000 	C:\Program Files\Java\jdk-19\bin\jimage.dll
0x00007ffaed220000 - 0x00007ffaed404000 	C:\WINDOWS\SYSTEM32\DBGHELP.DLL
0x00007ffaec780000 - 0x00007ffaec7b5000 	C:\WINDOWS\SYSTEM32\dbgcore.DLL
0x00007ffaf40b0000 - 0x00007ffaf4132000 	C:\WINDOWS\System32\bcryptPrimitives.dll
0x00007ffad34d0000 - 0x00007ffad34f6000 	C:\Program Files\Java\jdk-19\bin\java.dll

dbghelp: loaded successfully - version: 4.0.5 - missing functions: none
symbol engine: initialized successfully - sym options: 0x614 - pdb path: .;C:\Program Files\Java\jdk-19\bin;C:\WINDOWS\SYSTEM32;C:\WINDOWS\WinSxS\amd64_microsoft.windows.common-controls_6595b64144ccf1df_6.0.19041.1110_none_60b5254171f9507e;C:\Program Files\Java\jdk-19\bin\server

VM Arguments:
jvm_args: -Dfile.encoding=UTF-8 -XX:+ShowCodeDetailsInExceptionMessages 
java_command: MemberApp
java_class_path (initial): C:\Users\The World\eclipse-workspace\gc-midterm\bin;C:\Users\The World\.p2\pool\plugins\junit-jupiter-api_5.9.0.jar;C:\Users\The World\.p2\pool\plugins\junit-jupiter-engine_5.9.0.jar;C:\Users\The World\.p2\pool\plugins\junit-jupiter-migrationsupport_5.9.0.jar;C:\Users\The World\.p2\pool\plugins\junit-jupiter-params_5.9.0.jar;C:\Users\The World\.p2\pool\plugins\junit-platform-commons_1.9.0.jar;C:\Users\The World\.p2\pool\plugins\junit-platform-engine_1.9.0.jar;C:\Users\The World\.p2\pool\plugins\junit-platform-launcher_1.9.0.jar;C:\Users\The World\.p2\pool\plugins\junit-platform-runner_1.9.0.jar;C:\Users\The World\.p2\pool\plugins\junit-platform-suite-api_1.9.0.jar;C:\Users\The World\.p2\pool\plugins\junit-platform-suite-engine_1.9.0.jar;C:\Users\The World\.p2\pool\plugins\junit-platform-suite-commons_1.9.0.jar;C:\Users\The World\.p2\pool\plugins\junit-vintage-engine_5.9.0.jar;C:\Users\The World\.p2\pool\plugins\org.opentest4j_1.2.0.jar;C:\Users\The World\.p2\pool\plugins\org.apiguardian.api_1.1.2.jar;C:\Users\The World\.p2\pool\plugins\org.junit_4.13.2.v20211018-1956.jar;C:\Users\The World\.p2\pool\plugins\org.hamcrest.core_1.3.0.v20180420-1519.jar
Launcher Type: SUN_STANDARD

[Global flags]
     intx CICompilerCount                          = 3                                         {product} {ergonomic}
     uint ConcGCThreads                            = 1                                         {product} {ergonomic}
     uint G1ConcRefinementThreads                  = 4                                         {product} {ergonomic}
   size_t G1HeapRegionSize                         = 2097152                                   {product} {ergonomic}
    uintx GCDrainStackTargetSize                   = 64                                        {product} {ergonomic}
   size_t InitialHeapSize                          = 201326592                                 {product} {ergonomic}
   size_t MarkStackSize                            = 4194304                                   {product} {ergonomic}
   size_t MaxHeapSize                              = 3202351104                                {product} {ergonomic}
   size_t MinHeapDeltaBytes                        = 2097152                                   {product} {ergonomic}
   size_t MinHeapSize                              = 8388608                                   {product} {ergonomic}
    uintx NonNMethodCodeHeapSize                   = 5832780                                {pd product} {ergonomic}
    uintx NonProfiledCodeHeapSize                  = 122912730                              {pd product} {ergonomic}
    uintx ProfiledCodeHeapSize                     = 122912730                              {pd product} {ergonomic}
    uintx ReservedCodeCacheSize                    = 251658240                              {pd product} {ergonomic}
     bool SegmentedCodeCache                       = true                                      {product} {ergonomic}
     bool ShowCodeDetailsInExceptionMessages       = true                                   {manageable} {command line}
   size_t SoftMaxHeapSize                          = 3202351104                             {manageable} {ergonomic}
     bool UseCompressedClassPointers               = true                           {product lp64_product} {ergonomic}
     bool UseCompressedOops                        = true                           {product lp64_product} {ergonomic}
     bool UseG1GC                                  = true                                      {product} {ergonomic}
     bool UseLargePagesIndividualAllocation        = false                                  {pd product} {ergonomic}

Logging:
Log output configuration:
 #0: stdout all=warning uptime,level,tags foldmultilines=false
 #1: stderr all=off uptime,level,tags foldmultilines=false

Environment Variables:
PATH=C:\Program Files\Common Files\Oracle\Java\javapath;C:\Program Files (x86)\Common Files\Oracle\Java\javapath;C:\WINDOWS\system32;C:\WINDOWS;C:\WINDOWS\System32\Wbem;C:\WINDOWS\System32\WindowsPowerShell\v1.0\;C:\Program Files\Intel\WiFi\bin\;C:\Program Files\Common Files\Intel\WirelessCommon\;C:\Program Files\dotnet\;C:\Program Files\Git LFS;C:\Program Files\nodejs\;C:\WINDOWS\System32\OpenSSH\;C:\Program Files (x86)\dotnet\;C:\Program Files\Git\cmd;C:\Users\The World\AppData\Local\Programs\Microsoft VS Code\bin;C:\Users\The World\.dotnet\tools;C:\Users\The World\AppData\Roaming\npm;C:\Program Files\heroku\bin;C:\Program Files\MySQL\MySQL Server 8.0\bin;C:\Users\The World\AppData\Local\Microsoft\WindowsApps;C:\Program Files\MongoDB\Server\5.0\bin;C:\Program Files\Java\jre1.8.0_311\bin;
USERNAME=The World
OS=Windows_NT
PROCESSOR_IDENTIFIER=Intel64 Family 6 Model 60 Stepping 3, GenuineIntel
TMP=C:\Users\THEWOR~1\AppData\Local\Temp
TEMP=C:\Users\THEWOR~1\AppData\Local\Temp



---------------  S Y S T E M  ---------------

OS:
 Windows 10 , 64 bit Build 19041 (10.0.19041.2364)
OS uptime: 5 days 14:58 hours

CPU: total 4 (initial active 4) (2 cores per cpu, 2 threads per core) family 6 model 60 stepping 3 microcode 0x27, cx8, cmov, fxsr, ht, mmx, sse, sse2, sse3, ssse3, sse4.1, sse4.2, popcnt, lzcnt, tsc, tscinvbit, avx, avx2, aes, erms, clmul, bmi1, bmi2, fma, vzeroupper, clflush, rdtscp

Memory: 4k page, system-wide physical 12213M (4694M free)
TotalPageFile size 49077M (AvailPageFile size 146M)
current process WorkingSet (physical memory assigned to process): 10M, peak: 10M
current process commit charge ("private bytes"): 52M, peak: 243M

vm_info: Java HotSpot(TM) 64-Bit Server VM (19.0.1+10-21) for windows-amd64 JRE (19.0.1+10-21), built on 2022-09-14T12:45:06Z by "mach5one" with MS VC++ 17.1 (VS2022)

END.
